
* Info: Process launched (host pop-os, process 40048)123882,123840,123854,123822,123866,123836,123854,123922,123858,123836,123836,123844,123832,123852,123828,123864,123824,123860,123818,123860,123808,123880,186824,123944,123824,123926,123840,123916,123832,123906,123844,123904,123836,123910,123836,123910,123842,123902,123856,123896,123842,123898,123854,123888,123860,124060,123860,123884,147702,123920,
126694,133040,191136,218656,218708,218808,228086,260492,270812,254786,260832,258266,257160,246494,241392,313166,332804,264684,257750,259052,250678,258460,270858,257424,268780,246832,249720,250706,262188,252112,258826,253078,256348,265608,261190,258184,263608,272112,221584,252642,254688,249830,249794,257134,256946,268076,254472,257982,258054,255272,
121068,121144,174530,411874,166124,121094,121156,121060,121158,121058,172718,157500,121156,121048,121198,121058,121424,121484,122490,122940,121088,121228,122350,121278,123396,121252,121334,122796,121426,121974,121240,121120,122192,121268,122798,123028,127396,170474,203062,158190,121886,121514,121126,121052,121862,121054,121140,121060,121124,121072,
121076,121144,121068,121142,121964,121486,121078,121118,121106,121100,122170,157952,160910,208252,309834,222380,121058,121898,225522,226736,121152,121072,121118,121118,121090,121134,121080,121144,121070,121154,121078,121134,121076,121122,121110,121096,121130,121068,121154,121052,121174,121048,121282,121052,121154,121066,121152,121108,195590,195472,
121156,121540,121154,121052,121138,121056,121116,121092,121088,121126,121066,121126,121058,121142,121054,121138,121062,121124,121290,121102,121112,121074,121128,121046,121146,121046,121150,121042,121148,121046,208612,201804,492018,177064,126618,123768,123850,123762,157810,121092,226838,196386,121084,121104,121106,121072,121126,121052,160068,150688,
121092,121176,121088,121174,121066,121162,121088,201694,202006,121074,121148,121058,121162,121062,121164,121042,121146,121066,121136,121084,121114,121104,121086,121132,121076,121142,145074,160568,121132,121106,198696,272546,121166,121090,121114,121114,121080,121140,121070,121128,121060,121140,121070,121128,121082,121112,121106,121088,121134,121058,
121084,121126,121074,121136,172882,156454,121050,121138,186484,121108,121160,121058,121174,121054,121176,121058,121168,121074,121146,121092,121134,121128,121100,280744,203808,121146,121064,121122,121076,121108,121100,121072,121128,121054,121150,121038,121158,121042,121150,121040,121142,121058,121120,121088,121084,121110,121068,121126,121062,121132,
246230,245272,246540,253286,255420,257994,248914,254768,255314,249366,358456,246856,253010,248832,272524,254676,260494,253408,258096,249884,231992,253240,258216,267764,224052,265902,269430,253386,240926,245700,254180,241146,256698,254102,258252,250620,263860,256116,245968,250610,258164,236920,259852,242656,261644,256756,270012,245494,256548,260298,
123262,122752,122224,123702,123336,122336,123090,122628,121622,122246,607060,276034,178914,257932,124396,123858,123882,210040,123820,156956,173030,159508,121044,121378,121346,121414,126620,236042,166834,121362,121140,121050,121536,121748,121460,121344,121160,121044,121138,122038,121142,121478,121780,121580,123274,121126,120536,121602,120336,120900,
121172,121060,121168,121062,164386,205444,246852,288100,209492,123768,227740,259688,121082,121158,121052,121148,121056,121164,121056,121146,121068,121122,121098,121096,121126,121256,121134,121066,121138,121064,121140,121070,121122,121088,121110,121118,121076,121138,121050,121144,121056,121166,121052,121154,121054,121134,121086,121114,121112,121088,
121078,121140,121088,121116,121104,121086,121132,121066,121154,121054,121160,121054,121154,121054,121150,121068,172450,163398,121126,121078,121102,121098,121238,121120,121062,121134,121052,121134,121056,121134,121066,121112,121096,121078,121116,121058,121170,121052,121150,121040,371784,262672,239324,126580,299098,121060,121146,121038,121150,190260,
121096,121116,121078,121146,121058,121144,121076,121130,121072,121124,121088,121100,121122,121064,121134,121056,121156,121048,121162,121040,121146,121058,171592,305530,121096,121168,121068,121176,121068,121166,121074,121144,121096,121116,121134,121090,121154,121074,121150,121074,121152,121084,151812,152900,121078,121196,121082,121182,121090,121176,
121168,121066,121138,121080,121122,129372,241936,121094,121122,121058,121134,121040,121150,121042,121158,121040,121142,121058,121120,121078,121096,186630,121076,121158,227484,143762,129712,201120,213978,213668,213906,231534,262816,262302,251682,253540,252230,254264,266620,248420,261786,266726,252850,254014,236332,258950,258620,270244,256268,246950,
221932,252864,269644,258134,259798,263140,249526,248168,249198,257654,261804,257560,263884,236726,132616,121522,121166,121090,172932,131602,156756,121044,121164,173230,157220,121046,121174,121048,121144,121074,121132,121096,121114,121778,121280,121328,120474,208598,121166,121584,121772,152772,266158,357584,159252,133102,132728,159802,133534,132714,
121938,121856,120564,131286,155016,163508,173026,156892,121122,121076,121106,121096,121078,122580,121058,412272,263902,208486,129256,123778,123850,123764,123844,123766,123840,123774,176024,301474,121052,121146,121042,121148,173760,123728,156900,121124,121072,121554,121106,172694,157566,121088,121116,121068,121130,121048,121140,121054,121130,121062,
121100,121148,121102,121138,121118,121092,121132,121078,233012,163528,121152,121084,121124,121098,121102,121124,121080,121150,121050,121164,121050,121156,121058,121156,121064,121136,121088,121112,121120,121084,121126,121074,121146,121064,121148,121068,121130,121082,171932,158164,121112,121126,121076,121172,121062,121160,121052,121176,121042,121160,
121128,121082,121094,121108,121072,121130,121052,121132,121058,121132,121062,121124,121082,121104,159194,145614,121162,121078,121142,121102,121118,121130,121088,121154,121072,121164,121064,121168,121060,121166,121070,121150,121094,121126,121120,121098,121142,121088,121162,121078,121160,121072,121148,121086,121134,121110,121106,121134,159642,332238,
121104,121140,121156,121106,121174,121094,121188,121074,121188,121084,121190,121094,121172,121114,121154,121136,121120,121166,121104,121178,121098,121182,121098,121176,121100,121162,121122,121132,121156,121110,121178,121086,121192,121086,121198,121084,121184,121098,121166,121116,121138,121146,121108,121168,121100,171914,158372,121158,216684,121164,
266246,256274,257786,278668,255518,250966,257938,264254,255826,412062,236950,230172,342704,281248,283998,255704,251272,244988,239130,246758,249866,239890,240352,239106,247678,254040,274492,247926,262476,263176,252324,245300,245920,245332,242648,247644,274154,708494,257130,263522,258722,257360,250762,253474,252924,253830,253732,253454,361086,238978,
121078,122692,121238,121256,121362,121212,120584,120806,120494,173404,124210,157096,121408,122914,122406,123192,121176,121872,122738,121986,121160,124078,121824,121916,120676,120638,121490,120888,121120,120302,120946,120946,120754,120796,121876,121668,120854,121080,120494,120726,121330,120998,120568,121234,121084,120268,120354,121988,120998,122778,
121174,121062,121162,121774,121136,121094,121114,121122,121092,121150,121076,121150,121074,121148,121084,121322,121080,121152,121106,121112,121138,121090,387038,262290,159254,139676,123296,121154,121326,121152,121086,121156,121096,121124,201580,321472,297084,141538,126656,152742,126630,126642,126602,196808,199680,121038,121156,121044,121156,121058,
123798,123798,123802,123796,123792,123782,123812,174156,160628,156924,121066,121152,121044,121164,121034,121168,225054,161160,123828,123770,123824,123760,308310,121130,121128,121072,121142,121056,121160,121042,121158,121044,121152,121058,121152,121074,121116,121102,121084,121124,121076,121504,121070,121142,121056,121132,121086,121114,121112,121096,
121092,121144,121076,121152,192658,194454,121112,121072,121126,121058,121136,121052,121130,121066,121122,121076,121102,121102,121070,121128,121050,121146,121042,121152,121046,121146,121052,121130,121072,121110,121092,121082,121120,287094,205484,134934,121148,121084,121150,121070,225450,193750,121152,121038,121150,144216,164002,172586,269608,234894,
121180,121082,121162,121090,121144,121114,121118,121146,121092,121158,121074,121174,121060,121184,121062,121170,121080,121148,125646,228746,203498,121156,121072,121170,121078,162840,199544,157336,121132,121088,121138,121064,121150,121062,121136,121084,121114,121100,121086,218878,129526,202010,213830,213768,213678,229882,254556,266966,241216,265508,
259296,692346,249532,258112,234232,256154,266564,248434,265128,236110,275558,278958,249346,259270,280292,258898,267098,263142,254432,254002,250562,247706,251490,255392,269230,255600,243578,271860,394794,174380,123758,123818,123752,129374,126850,123828,123760,123830,158512,172264,157142,121086,121436,122070,121056,121310,120192,120358,120186,120348,
173966,125046,210328,194230,121182,121162,121520,121168,121244,121164,122570,121158,121968,121130,173118,123760,156756,122006,121164,121082,121526,121290,121150,121064,121476,121074,121146,121500,121934,121100,121086,121136,121422,121156,121168,121162,121042,121248,121070,121134,121096,121118,121112,121096,121152,121078,121658,121054,126846,158464,
121090,318598,301150,133514,121158,121088,121120,121116,121084,224220,161518,123804,123776,123800,123778,158966,121084,121116,121076,121130,143732,220918,207158,242092,156608,223372,228650,121084,121138,121058,121144,121042,121150,121040,121152,121054,121132,121074,121102,121100,121080,121128,121064,121134,121056,121136,121054,121126,121076,121110,
121080,121182,146166,157264,121182,121086,121162,121090,121154,121096,121126,121138,121092,121156,121074,121172,121068,121174,121074,121162,121082,121164,121098,121142,121134,121100,121148,121078,121162,121084,121170,121078,121158,121090,121148,121112,121124,129798,204602,157070,121136,121088,121150,121084,121156,121072,121150,121084,121130,121106,
121052,121166,121060,121144,121080,121124,121108,121108,121134,121084,121148,121066,121150,121064,121138,239202,165302,121090,121086,121116,121070,121130,121062,206354,121036,121158,121044,121142,121062,157710,336598,130474,125838,121144,121100,121116,121136,229008,121044,121152,121054,121128,121070,121108,121098,121084,121126,121062,121134,121054,
228594,251716,253974,263124,258596,248234,256888,259554,253004,257950,232094,223750,284510,268130,247126,253800,249232,251908,251890,267448,258786,255114,257402,252480,251420,257872,243846,253576,252274,247784,446602,250206,256192,242324,260762,253506,274042,249146,226936,254572,252530,245722,251350,244170,267624,256316,255020,242256,255474,268168,
338334,123080,121124,121276,121098,121226,121072,121666,149022,121282,121204,121110,121118,122096,121378,121142,121474,121174,121060,121216,121824,122320,121250,121156,121628,121232,121096,121116,121414,121198,174096,165234,195434,247676,121040,121338,123152,121450,121832,122098,121404,121942,121090,121168,122408,121636,121186,121298,121368,122518,

* Info: Process finished (host pop-os, process 40048)
* Info: Callchains info will be incomplete
* Info: Try to recompile your application with -fno-omit-frame-pointer or to rerun with btm=stack
* Info: Dumping samples (host pop-os, process 40048)
* Info: Dumping source info for callchain nodes (host pop-os, process 40048)
* Info: Building/writing metadata (host pop-os)
* Info: Finished collect step (host pop-os, process 40048)Info: Your experiment path is /home/hugohenrotte/Code/projet_aoa_s2/exp_OV2/tools/lprof_npsu
Info: To display your profiling results:
#################################################################################################
#    LEVEL    |     REPORT     |                            COMMAND                             #
#################################################################################################
#  Functions  |  Cluster-wide  |  maqao lprof -df xp=/home/hugohenrotte/Code/projet_aoa_s2/exp  #
#  Functions  |  Per-node      |  maqao lprof -df -dn xp=/home/hugohenrotte/Code/projet_aoa_s2  #
#  Functions  |  Per-process   |  maqao lprof -df -dp xp=/home/hugohenrotte/Code/projet_aoa_s2  #
#  Functions  |  Per-thread    |  maqao lprof -df -dt xp=/home/hugohenrotte/Code/projet_aoa_s2  #
#  Loops      |  Cluster-wide  |  maqao lprof -dl xp=/home/hugohenrotte/Code/projet_aoa_s2/exp  #
#  Loops      |  Per-node      |  maqao lprof -dl -dn xp=/home/hugohenrotte/Code/projet_aoa_s2  #
#  Loops      |  Per-process   |  maqao lprof -dl -dp xp=/home/hugohenrotte/Code/projet_aoa_s2  #
#  Loops      |  Per-thread    |  maqao lprof -dl -dt xp=/home/hugohenrotte/Code/projet_aoa_s2  #
#################################################################################################

