
* Info: Process launched (host pop-os, process 31543)2.65 cycles/FMA
2.64 cycles/FMA
3.12 cycles/FMA
2.66 cycles/FMA
2.64 cycles/FMA
2.64 cycles/FMA
2.78 cycles/FMA
2.64 cycles/FMA
2.65 cycles/FMA
2.79 cycles/FMA
2.65 cycles/FMA
2.73 cycles/FMA
2.65 cycles/FMA
2.78 cycles/FMA
2.64 cycles/FMA
2.64 cycles/FMA
2.64 cycles/FMA
2.79 cycles/FMA
2.64 cycles/FMA
2.64 cycles/FMA
2.77 cycles/FMA
2.65 cycles/FMA
2.75 cycles/FMA
2.65 cycles/FMA
2.65 cycles/FMA
2.64 cycles/FMA
2.65 cycles/FMA
2.64 cycles/FMA
2.65 cycles/FMA
2.64 cycles/FMA
2.64 cycles/FMA

* Info: Process finished (host pop-os, process 31543)
* Info: Dumping samples (host pop-os, process 31543)
* Info: Dumping source info for callchain nodes (host pop-os, process 31543)
* Info: Building/writing metadata (host pop-os)
* Info: Finished collect step (host pop-os, process 31543)Info: Your experiment path is /home/maxime/Documents/projet_aoa_s2/exp_OV3n/tools/lprof_npsu
Info: To display your profiling results:
#################################################################################################
#    LEVEL    |     REPORT     |                            COMMAND                             #
#################################################################################################
#  Functions  |  Cluster-wide  |  maqao lprof -df xp=/home/maxime/Documents/projet_aoa_s2/exp_  #
#  Functions  |  Per-node      |  maqao lprof -df -dn xp=/home/maxime/Documents/projet_aoa_s2/  #
#  Functions  |  Per-process   |  maqao lprof -df -dp xp=/home/maxime/Documents/projet_aoa_s2/  #
#  Functions  |  Per-thread    |  maqao lprof -df -dt xp=/home/maxime/Documents/projet_aoa_s2/  #
#  Loops      |  Cluster-wide  |  maqao lprof -dl xp=/home/maxime/Documents/projet_aoa_s2/exp_  #
#  Loops      |  Per-node      |  maqao lprof -dl -dn xp=/home/maxime/Documents/projet_aoa_s2/  #
#  Loops      |  Per-process   |  maqao lprof -dl -dp xp=/home/maxime/Documents/projet_aoa_s2/  #
#  Loops      |  Per-thread    |  maqao lprof -dl -dt xp=/home/maxime/Documents/projet_aoa_s2/  #
#################################################################################################

