
* Info: Process launched (host alfred, process 45787)1.57 cycles/c_element
1.62 cycles/c_element
1.63 cycles/c_element
1.58 cycles/c_element
1.56 cycles/c_element
1.72 cycles/c_element
1.47 cycles/c_element
1.51 cycles/c_element
1.59 cycles/c_element
1.47 cycles/c_element
1.47 cycles/c_element
1.47 cycles/c_element
1.59 cycles/c_element
1.47 cycles/c_element
1.47 cycles/c_element
1.68 cycles/c_element
1.57 cycles/c_element
1.60 cycles/c_element
1.52 cycles/c_element
1.55 cycles/c_element
1.65 cycles/c_element
1.54 cycles/c_element
2.20 cycles/c_element
1.80 cycles/c_element
1.59 cycles/c_element
1.75 cycles/c_element
1.52 cycles/c_element
1.52 cycles/c_element
1.69 cycles/c_element
1.56 cycles/c_element
1.55 cycles/c_element

* Info: Process finished (host alfred, process 45787)
* Info: Dumping samples (host alfred, process 45787)
* Info: Dumping source info for callchain nodes (host alfred, process 45787)
* Info: Building/writing metadata (host alfred)
* Info: Finished collect step (host alfred, process 45787)Info: Your experiment path is /home/tmo/Documents/IATIC4/ARCH/projet_aoa_s2/src/../maqao_html/gcc02OUNROLL_LOOPINVARIANT/tools/lprof_npsu
Info: To display your profiling results:
#################################################################################################
#    LEVEL    |     REPORT     |                            COMMAND                             #
#################################################################################################
#  Functions  |  Cluster-wide  |  maqao lprof -df xp=/home/tmo/Documents/IATIC4/ARCH/projet_ao  #
#  Functions  |  Per-node      |  maqao lprof -df -dn xp=/home/tmo/Documents/IATIC4/ARCH/proje  #
#  Functions  |  Per-process   |  maqao lprof -df -dp xp=/home/tmo/Documents/IATIC4/ARCH/proje  #
#  Functions  |  Per-thread    |  maqao lprof -df -dt xp=/home/tmo/Documents/IATIC4/ARCH/proje  #
#  Loops      |  Cluster-wide  |  maqao lprof -dl xp=/home/tmo/Documents/IATIC4/ARCH/projet_ao  #
#  Loops      |  Per-node      |  maqao lprof -dl -dn xp=/home/tmo/Documents/IATIC4/ARCH/proje  #
#  Loops      |  Per-process   |  maqao lprof -dl -dp xp=/home/tmo/Documents/IATIC4/ARCH/proje  #
#  Loops      |  Per-thread    |  maqao lprof -dl -dt xp=/home/tmo/Documents/IATIC4/ARCH/proje  #
#################################################################################################

