
* Info: Process launched (host pop-os, process 40185)108522,108806,108570,108226,109116,110846,108612,108524,108256,110154,109280,108334,108318,109208,109092,109172,132490,124788,108214,132852,234898,108258,108218,160048,149186,108630,108888,109092,109876,109310,200594,108244,108200,109100,108164,108228,108726,108600,108338,108250,108150,108192,108260,119966,110072,108288,108200,108972,108264,108242,
108028,108096,108022,160192,166144,204996,163268,108126,108078,108000,108086,108060,108022,108056,128350,215080,214830,215054,214560,213936,214750,214436,215096,214750,215104,214380,214444,214746,213976,214632,214392,213954,215044,214516,214168,214666,215070,387192,214672,214826,214576,214014,214634,214640,214110,223462,214802,214432,214610,214268,
186550,108024,108068,108016,108010,160196,145022,107944,108422,108024,108278,107958,108104,107988,108016,108064,108166,107940,108050,108544,109714,107974,108102,107968,108460,108012,136590,108066,108104,107970,108082,108046,108050,110712,108128,108010,160664,169664,108228,108250,108040,108012,108052,108084,108000,108062,108074,108032,108002,108094,
108096,108026,108028,108036,108216,108244,109222,108056,108282,108000,108118,108012,108030,108054,108054,108334,110678,108054,108028,108016,108096,108440,108022,108068,108208,109102,108942,108300,108134,108020,108294,110670,108080,108736,108156,108210,109754,108138,107980,110134,129812,108866,108232,108044,108048,108060,109162,108014,109388,109672,
107976,108054,108816,108024,107964,108082,108004,107990,108004,108434,132678,148520,135646,135816,139576,138586,108084,108072,116752,107986,108082,108056,108038,108006,108116,108016,108028,108056,108242,107978,108066,108058,108052,108204,108214,108014,108038,108062,108068,108108,109276,108150,108514,108160,108974,108026,108462,109236,108278,108040,
110074,112684,110394,110360,110976,110790,110290,110172,109334,109060,108810,108544,110752,110216,108908,109580,109226,110224,109674,109612,109402,109828,113590,109364,109262,108648,108212,108608,108386,109516,109162,109924,109024,125590,109670,109480,109002,108888,108448,108326,108680,108428,108260,201466,194158,108044,108112,107968,108056,108056,
110536,169530,153456,143962,107992,108040,107966,107960,108024,163514,222640,214686,214714,215222,214790,214994,214544,214774,214380,214962,214164,222094,321190,214596,214548,214412,218298,214642,214806,214562,214340,214908,214780,214878,214310,214434,214144,214256,214580,214402,214216,214724,214282,214662,214102,214698,214126,227296,214514,214416,
108018,108068,108120,107996,108072,108092,108040,108016,108094,108074,108010,108076,160884,144750,108074,108044,108018,107972,108102,107986,108026,108060,108082,107964,108094,108042,108056,107974,108090,107972,108020,108058,108076,107972,108076,119182,108080,108076,108106,108016,108072,108078,108062,108028,108120,108038,108070,108078,108456,108020,
108014,108082,107964,108014,108054,107998,107978,108070,108018,107988,108022,108068,107968,108034,108052,108012,107986,108078,108016,107980,108030,108058,107974,108030,108058,108014,107984,108064,108012,107988,108042,108064,107966,108042,108036,107998,107984,108078,107996,107984,108046,108050,107958,108040,108040,116328,217722,108002,108048,108070,
108006,108030,108230,108110,108072,108612,108056,108048,108132,108122,109096,108738,108086,196672,108316,108156,108194,108126,108312,108228,108006,108002,108196,107968,118680,108084,108020,108080,108900,108014,108076,108118,108092,108004,108106,108322,108046,213980,108706,108028,108092,108040,108138,108096,108076,108006,108106,108090,108014,108056,
108122,108048,108036,108002,108102,108224,108046,108486,108754,107974,108098,108108,108070,108034,108108,107978,108054,108066,108056,107984,108102,108020,108028,108032,108096,107976,161052,110482,110484,213170,108030,108006,107946,108008,108048,107958,107982,108036,107986,107992,108064,107984,107996,108012,108020,107988,108222,108042,107982,107948,
108856,108552,108434,110308,109186,108154,108712,108250,109052,109218,108950,110662,109128,109230,108588,109678,109512,110304,201916,186470,108000,109096,108420,108320,108480,109514,160836,146398,109220,108812,108770,162214,148168,110646,110660,108898,108004,108096,108474,107986,108816,108130,108130,109596,109084,108708,108808,109486,110014,108956,
108084,108164,108016,108114,108034,108042,108064,108084,206598,191954,108004,107998,109038,108050,107954,108032,108038,107994,107994,108080,107996,108004,108040,108030,107984,108046,108038,107992,108828,108080,107986,107994,108052,108024,107984,108050,108034,107988,108018,108068,107970,108010,108062,185108,110416,145888,108010,160666,110494,110532,
214936,215058,213656,215286,213772,214984,214514,214528,214512,222254,214690,214446,214628,214314,214620,214218,213686,215072,213988,214338,214082,212538,213852,214524,213202,213838,213904,214188,215898,213518,214260,214078,212812,214898,214024,215806,224834,214252,213986,213770,214722,216058,214430,199646,109668,108076,108096,107992,108068,108090,
108018,107988,108072,107994,107978,108160,108008,108004,107994,108088,108148,108000,108064,108004,107986,159366,110522,110498,144498,107992,169168,110418,110528,165594,187472,108066,108062,108012,108014,107974,108756,107956,108022,108172,108210,108066,108294,108234,107948,108028,108028,108120,107980,108074,108000,108080,108080,108464,107960,108036,
108116,108088,108020,108064,108132,108010,108070,108086,108068,108020,108098,108070,147530,108044,108034,108088,108080,108006,108082,108062,108036,108032,124476,110470,126568,108072,108092,108096,108072,108006,108116,108066,108062,108044,108116,108024,108064,108084,108074,108014,108124,108070,108028,108048,108110,108012,108082,108106,108054,119478,
109022,107992,108050,108058,108884,107992,185180,143800,108070,108018,109012,108000,108090,107958,108042,108032,108030,107958,108074,108004,108008,107996,108080,107956,108526,108034,108028,108328,108096,107994,108146,108008,108708,107950,108044,108038,108016,107976,108092,211848,108034,108064,108064,108048,108050,205408,108054,108086,108008,108024,
108090,108024,108014,108026,108092,107978,108068,108194,108078,107978,108098,120626,108044,108404,108722,108068,108098,108084,108008,108094,108720,108036,108042,108104,108028,108066,108102,108100,108010,108092,108080,108050,108056,108110,108010,108070,108320,108064,108024,108144,108066,108030,108750,108110,108006,108066,108322,108054,108088,108136,
125526,108560,108122,108018,109292,108548,108058,107984,108204,108888,109220,109048,109870,108160,108470,108128,108124,108068,108108,108416,109230,109962,108342,108964,109136,109512,129470,108818,108404,107996,108370,107992,108078,108158,108922,108230,108170,109216,108872,108890,108586,108992,109596,108770,108434,108854,108960,108818,109186,108506,
108158,109942,108032,107968,108228,108080,108766,108016,108046,108030,107996,108070,108016,107984,108012,108068,107996,108034,108066,108016,108002,108070,108034,108330,108046,108036,107974,108044,108062,108006,107986,108084,108032,108122,108054,108160,107978,108054,108076,107990,113698,230372,215346,215034,214756,216110,214832,215046,215462,215486,
218632,265624,213878,214080,214340,214068,152966,108058,108050,108086,108060,108006,108090,108058,108020,108052,108104,108006,108058,108080,108058,107998,108104,108048,108026,108056,108094,108004,108058,108072,108044,108008,108110,108030,108026,108056,108092,107992,108068,108072,108048,108010,108112,108036,108034,108066,108078,108000,108076,108066,
109908,107986,108026,108066,108006,108000,108066,108028,108134,119302,108070,108026,108106,108074,108014,108060,108096,108030,108076,108110,108086,108032,108130,108050,108024,108086,108102,108032,108096,108098,108072,108040,108122,108068,108030,108090,108280,108016,108072,108098,108040,108042,108138,108056,108050,108066,108078,108018,108072,108086,
130232,162704,169894,170130,160504,194052,218264,182024,107998,108102,108060,108020,108010,108100,107994,108040,108066,108060,107982,108086,115482,108000,108096,108046,108020,108024,108100,107992,108034,108076,108050,107990,108086,108034,108018,108044,108098,107984,108042,108062,108040,107988,108088,108028,108020,108036,108088,107998,108058,108056,
108010,108004,108120,108000,108038,108046,108064,107976,159980,145800,108012,108060,108064,107972,108028,108048,108020,107988,108076,108022,107986,108042,108060,107968,108030,108044,108016,107994,108078,108420,107996,108036,108066,108018,108044,108060,118618,108098,108196,108024,108050,108116,108036,108024,108106,108066,108010,108078,108088,108020,
107982,108022,108056,107968,108022,108032,108024,107972,108054,108016,107988,108014,108052,107954,108028,108032,109142,107982,196160,107990,108006,108036,108038,107966,150496,105720,159594,108066,238694,105666,105654,105588,105674,105670,105626,105614,105702,105638,105624,105626,105700,105890,105630,105646,105688,105600,105644,105674,105666,105698,
106692,107598,106058,105718,108050,107082,106840,107608,106540,106734,106224,106364,106136,106228,106650,107298,106388,106090,106538,106874,106364,106500,106272,105700,106320,106632,106772,105968,110596,107134,109044,112218,108768,106118,106894,107998,107264,107676,108346,106218,106716,157208,108730,160556,112148,206588,190204,143090,106368,107076,
105746,105670,105676,105808,105598,105686,105676,105792,105598,105710,105914,105666,105682,105720,105642,105652,105638,105724,105630,106228,105664,106300,105608,105688,105678,105682,105598,106040,105668,105668,105608,105732,106034,105598,105686,105672,105698,105722,181236,145696,159542,256604,151390,110436,165954,186682,108048,348714,358076,286020,
209384,208338,208922,208606,208762,209332,209006,208656,208958,208998,209234,209800,273142,105796,105632,105710,105706,105668,105632,105732,105704,105652,105660,105714,105668,105664,105700,105740,105662,105676,105700,105720,105622,105666,105702,105696,105650,105706,105712,105680,105654,105732,116920,105668,105742,105734,105686,105686,105758,105714,
105690,105730,105690,105768,105688,105738,105744,105680,105696,105710,105632,105706,105712,105812,105624,105732,105698,106334,105654,105758,105672,105666,105676,105734,105664,105668,105698,105732,105656,105690,105706,105704,105802,105698,105724,105668,105670,105712,105712,105648,105682,105724,105686,105660,105716,268824,105678,105654,105678,105710,
105716,105660,105634,105678,105682,105642,105638,105692,105690,105634,105656,105700,105664,105626,105660,105702,105660,105638,105698,105672,105608,105656,105708,105650,105608,105654,105678,105638,105640,105690,105656,105628,105642,105702,105664,124162,240616,258742,290298,194452,245210,110628,280802,181178,106226,105758,105678,105672,105752,105730,
105974,105696,105704,105644,114460,117776,128058,113394,105660,105768,105668,105688,105668,105762,105648,105720,105688,106618,105622,105698,105692,105720,195810,184302,105668,105622,105610,105680,105656,105610,105630,105684,105632,105610,105654,105678,105826,105624,105674,105958,105598,105642,105678,105640,158112,108016,108014,112420,108274,108936,

* Info: Process finished (host pop-os, process 40185)
* Info: Dumping samples (host pop-os, process 40185)
* Info: Dumping source info for callchain nodes (host pop-os, process 40185)
* Info: Building/writing metadata (host pop-os)
* Info: Finished collect step (host pop-os, process 40185)Info: Your experiment path is /home/hugohenrotte/Code/projet_aoa_s2/exp_OV3n_v6/tools/lprof_npsu
Info: To display your profiling results:
#################################################################################################
#    LEVEL    |     REPORT     |                            COMMAND                             #
#################################################################################################
#  Functions  |  Cluster-wide  |  maqao lprof -df xp=/home/hugohenrotte/Code/projet_aoa_s2/exp  #
#  Functions  |  Per-node      |  maqao lprof -df -dn xp=/home/hugohenrotte/Code/projet_aoa_s2  #
#  Functions  |  Per-process   |  maqao lprof -df -dp xp=/home/hugohenrotte/Code/projet_aoa_s2  #
#  Functions  |  Per-thread    |  maqao lprof -df -dt xp=/home/hugohenrotte/Code/projet_aoa_s2  #
#  Loops      |  Cluster-wide  |  maqao lprof -dl xp=/home/hugohenrotte/Code/projet_aoa_s2/exp  #
#  Loops      |  Per-node      |  maqao lprof -dl -dn xp=/home/hugohenrotte/Code/projet_aoa_s2  #
#  Loops      |  Per-process   |  maqao lprof -dl -dp xp=/home/hugohenrotte/Code/projet_aoa_s2  #
#  Loops      |  Per-thread    |  maqao lprof -dl -dt xp=/home/hugohenrotte/Code/projet_aoa_s2  #
#################################################################################################

