
* Info: Process launched (host pop-os, process 40022)528392,538592,528406,528710,528190,528548,528810,528302,528474,528450,528664,528374,528168,528214,528544,528368,528578,619128,611924,528404,554102,528288,528194,528130,528030,532682,528246,583060,567640,756656,611118,528348,528594,528696,528290,528464,676072,528544,528376,625058,528102,564058,528304,528582,564528,529118,528718,528448,529336,528918,
529562,529210,538870,529408,529012,529274,529448,529416,529152,529298,641998,529336,529264,529542,529528,529408,529610,529254,529486,773090,931274,529474,568762,529318,529600,629288,540026,529354,630050,529346,529374,529244,529450,529176,529452,529460,529496,654112,529140,529104,529040,529222,529260,529188,529182,549756,529170,639366,529432,528938,
529026,529474,533024,529286,530760,529166,529056,528892,529442,529464,529364,528974,649552,1064102,1074970,1181062,1055772,1095980,981604,1086510,1089652,1033006,1070112,1135148,1265614,1155674,1409158,1298690,1146772,1169100,1077140,921756,529460,529188,529532,529218,529084,529572,529032,529370,651600,528860,528970,528898,528994,624398,561630,528968,529272,529424,
529090,529006,529042,529478,529368,529078,529076,529338,529070,528876,529310,529110,563336,529454,640776,529214,529208,529624,710558,529184,529512,529568,529236,537188,529496,529406,529380,529228,529210,529456,529394,529600,529276,685650,529368,529296,529184,529670,529354,529306,529282,529418,529566,650422,529096,529070,529408,535738,529150,529360,
529090,528682,529060,528710,529118,529068,528684,704940,528958,628128,528886,529046,528980,528792,645658,528900,528984,528884,528614,528948,546020,529034,528650,532800,528874,585472,818624,529154,528994,529400,528838,529020,529026,529256,529234,529064,529134,529102,616790,588788,528930,528866,528802,638626,782704,529374,529420,533746,529294,529304,
1121668,1150898,1290610,1238594,1358812,1151398,1139528,1180850,1010928,596502,529158,529144,529456,529542,529388,529408,529272,529282,865590,620006,560528,529146,529166,536782,529410,529322,529298,528634,529314,529152,529608,529236,529114,529050,529200,529268,633098,529008,528956,529180,529300,529270,529512,528994,529358,528754,550570,528338,533888,528992,
528868,528874,528874,529306,528538,529042,528744,528800,528848,529132,682228,704078,528940,529062,528900,529126,529226,562588,529504,528926,535874,528832,529284,529170,529352,529172,785912,1085478,1227942,1126802,1056464,1103836,1136054,1045690,1192406,1076910,1089428,1180768,1169382,1150178,1147672,1150162,1122662,1033686,852120,528862,529070,529012,721722,590162,
528996,529194,529384,722846,591294,541148,573016,529596,529302,529606,616146,529404,529482,529402,529430,529370,529432,529250,529298,529184,529410,548754,529370,549590,542968,643184,529232,529288,529308,529474,529560,529274,528968,529466,529576,529172,987578,718920,534484,529532,529452,529278,529464,734784,563982,538052,529162,529586,529184,528760,
605078,517728,517546,517680,517950,517784,518266,518140,518210,610532,518264,517952,518014,517846,517992,517472,525884,965474,582406,518082,542392,518034,523378,517950,518030,517720,518056,517938,517938,517960,518094,518020,517986,518266,518138,522608,685306,517624,517812,517828,517744,517976,517324,517806,517446,517260,531588,520442,640760,703480,
1108230,1087528,1073774,1118720,1245410,1027524,1030840,1078994,1088536,1113064,1137028,1143868,1135394,1533892,1126622,1111204,1027790,931862,518068,517770,517500,608122,551686,517376,517602,525560,517722,517760,819340,555934,518002,518054,518178,517924,517810,518078,517984,517864,623538,746128,529534,529374,529106,529658,580126,631990,634208,606458,517950,523786,
529166,529722,706306,517614,518796,517884,518564,518742,517780,518262,517840,517386,517866,518244,517678,517716,517734,705170,718796,529106,761024,517590,523094,517598,517640,517930,517754,517860,614784,517556,517374,517744,517512,518180,695846,1031070,1270510,1217166,1115012,1042526,1008190,1058676,1017342,1111214,1050566,1111298,1400704,1140920,1128730,1133388,
522038,517734,517846,517804,517684,517506,517938,517694,517360,517550,517756,517596,678026,518142,518004,518334,518036,706528,711058,517692,517856,517790,517834,517556,517404,520944,517148,517440,547502,517632,517710,698034,517560,685878,517738,567502,774006,517886,664356,744518,652276,547144,519474,517500,517572,517880,517444,570914,653234,595872,
517284,525366,517230,603812,517362,517374,752476,622748,528868,528994,564616,517432,745270,517628,546380,517318,517602,614080,873608,607606,517488,517634,589270,560708,517278,517788,758520,557552,761308,558968,517582,517042,695966,706736,621406,568094,559610,748396,517452,796526,835598,720298,529132,875666,1061448,689950,604816,880914,678946,970042,
1042308,1225402,1265000,1064070,1091590,1506202,1137974,1340562,1325632,1267870,1156860,1383692,1061344,838870,518426,517988,517968,528548,705196,517754,517568,517674,517688,518086,525822,517576,517684,811658,626606,517898,517996,517604,517750,517548,517772,518010,727664,517824,517808,518024,613138,517874,517938,517874,517848,518028,987654,597382,568546,860974,
676948,517238,517474,517532,517196,517386,517634,517092,683462,518656,517504,517916,517878,541702,1006816,1068172,1379812,1298290,1039996,1028732,1218216,1028454,1037544,1057208,1134452,1149360,1131894,1129458,1131962,1531878,1102094,1007788,885436,753256,528924,672630,541458,566316,584050,635106,569608,529288,644448,577340,606018,528912,528702,581032,604218,517170,
517896,518118,517966,517978,750632,794874,562086,518242,519514,518432,518690,558500,530074,529684,608610,541288,577574,587374,529390,554592,529702,530216,543392,584724,567028,530338,529684,529842,530726,530022,530874,529502,529640,644108,529354,528994,530058,587940,541670,541672,541920,541454,583782,558346,541630,541806,552232,541660,542128,541614,
529126,529118,529400,529278,529132,733634,617060,528960,529322,529346,529164,529678,529200,529308,529336,529046,529238,529644,529220,529416,529150,529608,533394,529080,710912,529308,549740,529208,529218,528930,529276,529122,625818,529110,529500,528986,528954,529388,828170,529268,562310,528826,782424,718172,528754,529206,538566,528692,529174,528918,
529448,529366,529338,529464,529476,529314,529280,529432,529306,529450,529336,529330,529058,529108,529406,529526,529342,607970,906924,550072,529416,1815884,536894,529226,747810,529084,1503260,530380,741290,529358,665038,611814,529168,529254,528884,529124,529118,529224,529322,556256,529178,528956,529378,529470,529322,529026,529144,534766,529240,529356,
529054,529098,529240,529158,674464,682846,894986,959122,958318,1126558,1037732,1091046,1196704,1131552,1107602,1147096,992524,1104090,1258426,1153010,1162582,1248416,1145834,1140060,1265560,1023864,565046,528764,529140,529090,529094,528976,529020,528768,528636,528750,528930,529042,529200,528930,569478,528480,909360,529162,529106,529492,536226,529234,529108,529402,
529274,529428,548448,545088,529082,529408,529184,533494,529666,529300,644898,529034,562226,529176,528986,529412,529096,687428,567822,529396,529478,529192,530208,529560,529410,529244,531934,529492,529140,529238,529506,530638,529584,529628,589894,618804,643506,529244,529356,529240,529676,529590,537094,529928,529258,529164,863142,1083750,1075374,1149058,
605204,660662,556606,570974,640012,553756,607252,517406,541702,517628,517600,517270,609180,517852,517794,517468,522928,517584,517994,517528,517766,517726,517526,517728,707816,517868,517878,517750,628472,702480,517176,606078,517510,722978,529162,557272,517446,820496,517752,517512,518170,527392,685138,517604,517946,517874,517592,972886,564392,517872,
518122,517820,517744,607426,570834,554218,703552,518772,548836,517988,517828,607692,517624,517838,518062,861460,654636,517864,610884,523976,517860,517698,518008,518046,517650,517956,518084,517908,517774,517548,623082,681050,539390,638732,564220,517322,517710,517866,517938,517538,517684,817218,604162,517600,522314,689990,553272,517494,517672,517850,
529390,660338,517954,542018,516980,517086,516908,868858,1024448,1173686,1128562,1132438,1130332,1058202,1050806,1027240,1272904,1395278,1113452,1128940,1132776,1128964,1123980,1124118,1097948,1163332,921520,616822,529154,529100,714782,808228,559240,758554,517658,517576,517598,517668,517382,604532,517334,517238,684382,517024,517498,517312,527996,517328,517058,517142,
645840,549272,517826,517554,517768,517694,722664,982286,518014,517698,702936,517648,517856,517950,640124,560140,517790,519322,517800,524580,517738,517448,517312,606864,517834,593588,632482,517820,518326,517820,517660,518152,519872,675526,528808,571554,658472,570438,695094,1076210,1075904,1261478,1159958,1278384,1036574,1242428,1054130,1060364,1018940,1108394,
536232,517254,517194,517248,517202,517478,897802,751906,553740,517312,517438,517158,517422,517072,517302,517540,517548,703872,517732,605212,608280,517738,641608,541448,685974,647690,626082,530840,517688,517706,564842,529390,529144,529144,532394,528668,528800,529078,786802,517544,517840,517926,590904,542942,580512,617682,571812,546810,517678,517796,
529156,560398,517880,517602,517816,518286,517476,824134,565598,582464,686212,529076,704056,554204,517718,712142,708704,517576,517832,517888,517694,518046,517894,542626,522852,517850,518168,518018,517816,518012,517918,518066,517982,518242,887458,920996,517818,517494,517184,517824,517952,517906,517676,517612,517606,707966,517384,533192,604566,521436,
517394,590956,999666,1089582,1235924,1068212,1007858,1049488,1066436,1166398,1134432,974106,1291160,1359066,1129442,1128664,1131840,1130654,1189030,1322850,1019420,734840,558324,594142,554852,517610,524610,517618,517634,517410,517300,517356,517748,517522,517646,746676,709736,517228,517586,573242,616486,528830,664346,516896,694592,517746,546372,517454,517502,754650,
517752,518580,573408,657226,517996,517864,518068,518034,568320,562466,571750,559370,612150,517948,517150,774350,549150,517496,517644,517596,517194,715164,517906,518588,524282,517568,519306,517806,518014,518016,518096,517888,518078,518366,863816,1374364,1168146,1326572,1066842,1065938,1085472,1182772,1121542,1275478,995546,1144050,1432242,1129956,1236996,1202472,
517620,742992,737068,517606,517118,678994,517722,517784,613806,517472,517604,517354,517290,517436,517806,517698,533682,517502,517528,517658,517706,517476,517910,517326,603116,602032,517366,521210,517472,517672,535818,530618,517710,607656,517238,568414,528684,529488,528864,700408,642004,517640,517582,665376,517360,517740,567752,664340,517530,517970,
517730,517652,517326,517736,528244,517540,575244,581156,600696,518144,517942,694710,607904,567708,586958,740572,518028,517586,517528,517480,517662,517498,517684,517428,517554,517458,517552,517976,517754,770746,725782,565706,518106,589502,598700,704974,517846,518388,717666,534870,517612,517802,517814,517768,517334,517590,517654,517578,517612,517856,
1047594,1449278,1246308,1219762,1114796,1178534,1032530,1023920,977670,1015926,1082034,1135508,1229688,1147520,1124882,1126756,1108066,1093570,894100,517652,517634,517420,517548,517800,517394,689664,652742,529012,586554,540970,729162,517730,526540,517144,517658,880870,687768,624378,618924,554130,517734,517700,517788,715384,517788,517380,517460,517580,517296,517286,

* Info: Process finished (host pop-os, process 40022)
* Info: Dumping samples (host pop-os, process 40022)
* Info: Dumping source info for callchain nodes (host pop-os, process 40022)
* Info: Building/writing metadata (host pop-os)
* Info: Finished collect step (host pop-os, process 40022)Info: Your experiment path is /home/hugohenrotte/Code/projet_aoa_s2/exp_OV1/tools/lprof_npsu
Info: To display your profiling results:
#################################################################################################
#    LEVEL    |     REPORT     |                            COMMAND                             #
#################################################################################################
#  Functions  |  Cluster-wide  |  maqao lprof -df xp=/home/hugohenrotte/Code/projet_aoa_s2/exp  #
#  Functions  |  Per-node      |  maqao lprof -df -dn xp=/home/hugohenrotte/Code/projet_aoa_s2  #
#  Functions  |  Per-process   |  maqao lprof -df -dp xp=/home/hugohenrotte/Code/projet_aoa_s2  #
#  Functions  |  Per-thread    |  maqao lprof -df -dt xp=/home/hugohenrotte/Code/projet_aoa_s2  #
#  Loops      |  Cluster-wide  |  maqao lprof -dl xp=/home/hugohenrotte/Code/projet_aoa_s2/exp  #
#  Loops      |  Per-node      |  maqao lprof -dl -dn xp=/home/hugohenrotte/Code/projet_aoa_s2  #
#  Loops      |  Per-process   |  maqao lprof -dl -dp xp=/home/hugohenrotte/Code/projet_aoa_s2  #
#  Loops      |  Per-thread    |  maqao lprof -dl -dt xp=/home/hugohenrotte/Code/projet_aoa_s2  #
#################################################################################################

