[MAQAO] PROCESS LAUNCHED (host pop-os, process 11212)
2.95 cycles/FMA
2.91 cycles/FMA
2.88 cycles/FMA
2.84 cycles/FMA
2.79 cycles/FMA
2.72 cycles/FMA
2.63 cycles/FMA
2.18 cycles/FMA
2.19 cycles/FMA
2.19 cycles/FMA
2.19 cycles/FMA
2.23 cycles/FMA
2.20 cycles/FMA
2.21 cycles/FMA
2.20 cycles/FMA
2.24 cycles/FMA
2.86 cycles/FMA
2.19 cycles/FMA
2.22 cycles/FMA
2.25 cycles/FMA
2.22 cycles/FMA
2.24 cycles/FMA
2.22 cycles/FMA
2.25 cycles/FMA
2.25 cycles/FMA
2.22 cycles/FMA
2.23 cycles/FMA
2.25 cycles/FMA
2.25 cycles/FMA
2.24 cycles/FMA
2.23 cycles/FMA

* Info: Callchains info will be incomplete

* Info: Try to recompile your application with -fno-omit-frame-pointer or to rerun with btm=stack
[MAQAO] STOP PROFILING (host pop-os, process 11212)
[MAQAO] DUMPING SAMPLES (host pop-os, process 11212)
[MAQAO] FINISHED DUMPING SAMPLES (host pop-os, process 11212)
[MAQAO] DUMPING SOURCE INFO FOR CALLCHAIN NODES (host pop-os, process 11212)
[MAQAO] FINISHED DUMPING SOURCE INFO FOR CALLCHAIN NODES (host pop-os, process 11212)
[MAQAO] ANALYZING binary (host pop-os)
[MAQAO] binary (host pop-os) DONE
[MAQAO] Your experiment path is /home/hugohenrotte/Code/projet_aoa_s2/maqao_2021-02-15_16-35-52/lprof_npsu/
[MAQAO] To display your profiling results:
#################################################################################################
#    LEVEL    |     REPORT     |                            COMMAND                             #
#################################################################################################
#  Functions  |  Cluster-wide  |  maqao lprof -df xp=/home/hugohenrotte/Code/projet_aoa_s2/maq  #
#  Functions  |  Per-node      |  maqao lprof -df -dn xp=/home/hugohenrotte/Code/projet_aoa_s2  #
#  Functions  |  Per-process   |  maqao lprof -df -dp xp=/home/hugohenrotte/Code/projet_aoa_s2  #
#  Functions  |  Per-thread    |  maqao lprof -df -dt xp=/home/hugohenrotte/Code/projet_aoa_s2  #
#  Loops      |  Cluster-wide  |  maqao lprof -dl xp=/home/hugohenrotte/Code/projet_aoa_s2/maq  #
#  Loops      |  Per-node      |  maqao lprof -dl -dn xp=/home/hugohenrotte/Code/projet_aoa_s2  #
#  Loops      |  Per-process   |  maqao lprof -dl -dp xp=/home/hugohenrotte/Code/projet_aoa_s2  #
#  Loops      |  Per-thread    |  maqao lprof -dl -dt xp=/home/hugohenrotte/Code/projet_aoa_s2  #
#################################################################################################

