
* Info: Process launched (host pop-os, process 31496)3.73 cycles/FMA
4.27 cycles/FMA
3.89 cycles/FMA
3.74 cycles/FMA
3.87 cycles/FMA
3.74 cycles/FMA
3.73 cycles/FMA
3.87 cycles/FMA
3.74 cycles/FMA
3.87 cycles/FMA
3.73 cycles/FMA
3.73 cycles/FMA
3.87 cycles/FMA
3.73 cycles/FMA
3.73 cycles/FMA
3.90 cycles/FMA
3.74 cycles/FMA
4.05 cycles/FMA
4.25 cycles/FMA
3.96 cycles/FMA
4.04 cycles/FMA
3.97 cycles/FMA
3.86 cycles/FMA
3.73 cycles/FMA
3.74 cycles/FMA
3.89 cycles/FMA
3.73 cycles/FMA
4.00 cycles/FMA
3.74 cycles/FMA
3.81 cycles/FMA
3.74 cycles/FMA

* Info: Process finished (host pop-os, process 31496)
* Info: Callchains info will be incomplete
* Info: Try to recompile your application with -fno-omit-frame-pointer or to rerun with btm=stack
* Info: Dumping samples (host pop-os, process 31496)
* Info: Dumping source info for callchain nodes (host pop-os, process 31496)
* Info: Building/writing metadata (host pop-os)
* Info: Finished collect step (host pop-os, process 31496)Info: Your experiment path is /home/maxime/Documents/projet_aoa_s2/exp_OV3/tools/lprof_npsu
Info: To display your profiling results:
#################################################################################################
#    LEVEL    |     REPORT     |                            COMMAND                             #
#################################################################################################
#  Functions  |  Cluster-wide  |  maqao lprof -df xp=/home/maxime/Documents/projet_aoa_s2/exp_  #
#  Functions  |  Per-node      |  maqao lprof -df -dn xp=/home/maxime/Documents/projet_aoa_s2/  #
#  Functions  |  Per-process   |  maqao lprof -df -dp xp=/home/maxime/Documents/projet_aoa_s2/  #
#  Functions  |  Per-thread    |  maqao lprof -df -dt xp=/home/maxime/Documents/projet_aoa_s2/  #
#  Loops      |  Cluster-wide  |  maqao lprof -dl xp=/home/maxime/Documents/projet_aoa_s2/exp_  #
#  Loops      |  Per-node      |  maqao lprof -dl -dn xp=/home/maxime/Documents/projet_aoa_s2/  #
#  Loops      |  Per-process   |  maqao lprof -dl -dp xp=/home/maxime/Documents/projet_aoa_s2/  #
#  Loops      |  Per-thread    |  maqao lprof -dl -dt xp=/home/maxime/Documents/projet_aoa_s2/  #
#################################################################################################

