
* Info: Process launched (host alfred, process 45941)4.09 cycles/c_element
4.28 cycles/c_element
4.23 cycles/c_element
4.48 cycles/c_element
4.04 cycles/c_element
4.16 cycles/c_element
4.01 cycles/c_element
4.03 cycles/c_element
3.97 cycles/c_element
4.02 cycles/c_element
4.08 cycles/c_element
4.08 cycles/c_element
3.99 cycles/c_element
4.51 cycles/c_element
4.08 cycles/c_element
4.05 cycles/c_element
4.05 cycles/c_element
3.74 cycles/c_element
3.80 cycles/c_element
3.74 cycles/c_element
3.74 cycles/c_element
3.74 cycles/c_element
3.86 cycles/c_element
4.01 cycles/c_element
4.56 cycles/c_element
4.13 cycles/c_element
4.28 cycles/c_element
3.91 cycles/c_element
3.82 cycles/c_element
3.74 cycles/c_element
3.89 cycles/c_element

* Info: Process finished (host alfred, process 45941)
* Info: Callchains info will be incomplete
* Info: Try to recompile your application with -fno-omit-frame-pointer or to rerun with btm=stack
* Info: Dumping samples (host alfred, process 45941)
* Info: Dumping source info for callchain nodes (host alfred, process 45941)
* Info: Building/writing metadata (host alfred)
* Info: Finished collect step (host alfred, process 45941)Info: Your experiment path is /home/tmo/Documents/IATIC4/ARCH/projet_aoa_s2/src/../maqao_html/gcc02OUNROLL_LOOPINVARIANT3/tools/lprof_npsu
Info: To display your profiling results:
#################################################################################################
#    LEVEL    |     REPORT     |                            COMMAND                             #
#################################################################################################
#  Functions  |  Cluster-wide  |  maqao lprof -df xp=/home/tmo/Documents/IATIC4/ARCH/projet_ao  #
#  Functions  |  Per-node      |  maqao lprof -df -dn xp=/home/tmo/Documents/IATIC4/ARCH/proje  #
#  Functions  |  Per-process   |  maqao lprof -df -dp xp=/home/tmo/Documents/IATIC4/ARCH/proje  #
#  Functions  |  Per-thread    |  maqao lprof -df -dt xp=/home/tmo/Documents/IATIC4/ARCH/proje  #
#  Loops      |  Cluster-wide  |  maqao lprof -dl xp=/home/tmo/Documents/IATIC4/ARCH/projet_ao  #
#  Loops      |  Per-node      |  maqao lprof -dl -dn xp=/home/tmo/Documents/IATIC4/ARCH/proje  #
#  Loops      |  Per-process   |  maqao lprof -dl -dp xp=/home/tmo/Documents/IATIC4/ARCH/proje  #
#  Loops      |  Per-thread    |  maqao lprof -dl -dt xp=/home/tmo/Documents/IATIC4/ARCH/proje  #
#################################################################################################

