
* Info: Process launched (host pop-os, process 40157)108662,108216,108234,108340,110628,109322,108686,109652,108240,108254,108228,108850,108206,108266,109706,108606,108774,108452,109874,108366,108656,108564,108766,108882,109452,108356,109776,108386,109744,111438,108458,110224,109070,109542,109906,108762,109940,109402,109284,108494,109520,108866,110982,109170,110258,109110,108860,109044,110896,108608,
108072,108006,108040,108086,108028,108028,108064,108034,107988,108032,108068,108002,108092,108080,108582,107998,108188,108136,107998,108052,108056,108098,108062,108066,108028,108010,108090,108014,107996,108042,108050,107976,108042,115512,111500,108088,108136,108016,108074,108088,108060,108018,108128,108054,108028,108090,108126,108020,108076,108086,
108010,108042,108046,107976,108034,108276,108650,107994,108070,111186,108014,108062,108032,107970,231264,204798,209264,216418,215956,261060,192216,108030,108122,107972,108056,108054,108062,107964,108132,108022,108038,108034,108116,107982,108062,108044,108078,107986,108120,108018,108026,108036,108110,107976,108080,108046,108056,107984,108118,108006,
108422,116598,108092,108084,108010,108082,108056,108066,108038,108110,108010,108040,108088,108076,107984,108104,108080,108058,108042,108146,108032,108258,108850,108370,107978,108564,108426,108034,108070,108100,108032,108376,108096,108044,110404,108326,108062,197128,108042,108692,107964,108072,108024,108776,108010,108056,107968,108000,108050,108030,
107992,108612,108068,108038,108000,108428,108642,108016,108060,108088,107962,108076,108060,108024,108008,108442,108000,108044,108062,108076,107984,108082,108166,108122,108014,108966,107992,108044,108048,108066,107972,108098,108040,108026,108014,108130,107994,108054,108070,108054,107982,108110,108020,200394,163196,110544,110480,110468,110496,110510,
107990,108006,108064,107994,107992,108056,108000,107980,108022,120930,107954,108076,108094,108306,198160,108288,158926,146348,108334,108944,108060,109394,119590,108086,108178,108002,109116,108222,108070,108044,108136,108406,108048,108274,108222,108156,110026,108038,108690,108362,108824,279470,108058,108078,108010,108036,108108,108096,108108,108432,
109600,108130,109638,108690,109116,108986,109624,110310,109318,108886,108598,108398,108986,109568,109834,108790,108884,109066,108598,108876,108412,108736,108552,108948,136886,107968,108176,108350,108032,108072,108100,107974,108086,191646,190708,108024,108034,108056,107938,108078,107994,108008,108442,108086,107950,108032,108028,108046,107956,108644,
108246,107996,108090,108044,108010,108058,108092,123352,108234,108074,107996,108130,108078,108068,108046,108890,108004,108286,108574,108068,108010,108100,108058,226866,244788,208184,216100,216236,216208,149380,108056,108080,108082,108088,118466,108128,108052,108036,108068,108082,108014,108072,108090,108032,108026,108128,108020,108028,108092,108078,
108046,107970,108090,108040,108018,108022,108114,108000,108040,108052,108058,107980,223810,108036,108066,108066,107980,108054,108056,108020,108028,108084,108006,108016,108060,108058,107992,108072,108052,108010,108032,108100,108004,108020,108072,108054,107992,108196,108048,107992,108044,108088,107992,108032,108082,108076,107998,108078,108042,108008,
108120,108050,108036,108078,108082,116376,108060,108074,107992,108078,108058,108036,108002,108092,108002,108012,108068,108062,107986,108092,108048,108006,108016,108084,107980,108052,108062,108080,107984,108070,108050,108020,108026,108082,107966,108030,108066,108068,107980,108080,108034,108034,108030,108098,107990,108024,108058,108046,107992,108102,
108024,108088,108022,108016,108066,108054,107994,108062,108062,108012,108016,108086,108006,108010,108066,108050,107998,108070,108056,108006,108026,108096,108008,108038,108060,108040,107998,108070,108046,108012,108036,108092,108004,108034,108076,108042,108002,108080,108042,108006,108042,108086,107990,108024,108080,108030,108016,108094,108034,108008,
108082,108020,107996,108036,108068,107984,108036,108064,108026,108004,108088,108006,107986,108064,108052,107980,108048,108044,108746,108020,108072,108002,107996,108122,108040,109140,108098,108052,108002,108034,108934,108102,108018,108072,108436,107986,108084,108054,108000,108038,108172,107986,108064,108076,108040,107968,108322,108056,107986,108088,
108092,108092,107996,109140,108064,108038,108016,108106,108392,108032,108062,633826,109014,108050,108220,108038,108112,107988,108130,108072,113496,108012,108108,108030,108030,108054,108082,107988,108088,108054,108062,108012,108106,108008,108112,108062,108086,107990,108184,108058,108030,160036,233862,108200,108020,108080,160818,145132,108060,108074,
108016,108598,108268,108226,108336,108064,149016,109470,108282,108326,108444,108148,109070,108066,108090,108472,109034,108930,147390,110670,112774,110860,111638,110992,111290,145334,109152,108952,108044,109460,108984,108066,108334,133478,109516,108608,109330,108354,108164,108112,108680,108538,109176,108194,110272,160108,110988,111050,127886,111640,
108052,107976,108854,108022,108018,108022,160156,110900,110464,147550,108006,108632,108046,108024,108016,108100,108028,108022,108064,108656,108000,133218,108016,108772,108168,108052,107986,108098,108018,108020,108034,160208,110498,110908,110466,110530,110424,110502,110486,110468,118136,110518,110408,110532,110476,110466,110476,110530,110850,110536,
146244,108136,161618,110496,110760,110820,110466,110428,110648,110482,110456,122336,110476,110526,110726,110516,110500,163338,205360,211150,221326,221936,219896,159496,110572,195558,149608,110420,110476,110464,122080,110520,110484,110408,110544,110434,110480,110484,110486,111146,110536,110460,110468,110498,110508,110436,110532,110464,110446,110516,
108050,107998,108006,108068,107986,107992,160572,110532,110466,110466,110476,110512,110416,110524,110466,181092,235932,145156,108002,107996,108234,108060,107956,108046,108032,108000,107998,108072,107974,108004,108046,108040,107964,108044,108038,108008,107998,108080,107986,107996,108050,108024,107958,108062,119552,108030,108068,108082,107992,108080,
108054,108096,108058,108024,108122,108074,108046,108076,191802,187566,108002,108054,107986,107988,108044,108040,107968,108062,108034,107994,108006,108084,107970,107990,108042,108006,107954,108042,183756,144302,108072,107988,162068,110534,194522,110548,143702,107996,162736,145890,162258,110450,110514,212076,110572,110554,110480,110484,110546,110498,
110652,110628,110556,110676,110664,110960,112092,111092,110658,112938,110726,111298,115036,110646,110782,111032,111066,110510,110490,110598,111160,111044,110566,110838,110504,110462,110504,111584,110458,110828,110436,111448,110644,111514,110464,110518,110430,111172,110908,110430,110464,110860,155924,111802,108080,108396,108812,108240,111794,108100,
108656,108086,107982,108244,108062,108054,110276,108170,108018,108040,108128,108122,107976,108106,108058,108052,108004,108106,108024,108016,108060,108278,107982,108060,108058,108000,108024,108458,108934,108158,108074,108162,107984,109662,108056,108014,108318,108092,107998,108044,108058,108056,107992,108080,108030,109028,108004,108078,107990,108320,
108070,108498,159476,110558,111200,165592,209084,118198,119008,116802,117080,116636,117510,160488,229492,205392,202744,221296,220966,210342,163714,118266,145776,164442,111150,120022,110606,148320,109176,108008,108782,163214,201478,148808,108028,108040,108038,108302,108996,108122,108426,108004,107992,108080,108188,108072,109042,108280,108788,108038,
110474,108550,108080,108000,108768,108426,109094,108104,1181506,225248,109360,108068,108032,108138,108028,108038,108092,108106,108012,108108,108610,108042,108036,108116,108030,108272,108078,108306,108006,108126,108078,108066,108044,108130,108028,182890,192746,108038,108024,108036,108108,107996,108028,108038,108032,108194,108094,108032,108018,108042,
108006,107998,108080,107970,108028,108144,108056,107956,108066,108030,196214,108054,204164,107956,161532,110484,110516,110414,110524,110464,110450,110500,110504,110412,180344,187908,108016,108014,108072,108056,107994,108052,108060,107994,108026,108090,108172,108638,108082,108042,107988,108090,108046,108020,108034,108088,108004,108034,108068,108046,
108070,108006,108022,108086,108022,108012,108078,108042,108000,108356,108060,107996,230532,108030,108070,108112,107986,108054,108072,108044,107998,108118,108030,108016,108224,108052,108008,118142,108256,108002,108062,108092,107994,108062,108092,108064,108026,108122,108056,108082,108076,108110,107982,108070,108088,108038,108028,108128,108048,108048,
110510,110422,118938,150508,108044,107972,108004,108052,107992,107990,108066,108016,107974,108038,108032,107972,108028,108064,107996,107996,108058,108004,107986,108050,108036,107966,108040,108056,107988,107998,108078,107998,107984,108060,108026,107966,108036,108042,107972,108014,108058,107988,116104,108086,108032,108006,108108,108018,108020,108062,
108104,108052,108024,108054,108086,108004,108048,108122,108034,108068,108094,108046,108024,108100,108070,108028,108080,165090,110536,110510,110502,149162,108064,108050,108000,108018,109182,108826,108030,108096,108850,107994,108082,108022,108010,108044,108044,107962,108288,108708,108230,108024,108090,108328,108558,108246,108048,108000,108202,108048,
108010,108030,108086,107994,108048,108066,109284,107994,108088,108036,108002,108864,108070,108048,108032,108080,108018,108004,108080,108024,108012,108444,108190,108172,108120,108066,108022,108010,108080,108014,108012,108064,108056,107986,108052,160756,196262,110432,146342,107980,108024,108172,107964,108026,108036,108012,108384,108056,108002,107998,
108076,108084,107978,108070,108062,108016,108010,108096,109096,108042,108070,108074,107992,108078,108320,108028,108030,108098,108010,108018,108086,108022,108014,108056,108048,107994,108074,108130,108004,107988,108072,108010,108038,108066,108024,107998,108080,108064,107990,108034,108062,108018,108010,108076,108034,108006,108060,108054,107982,108046,
108082,108162,107954,123722,108034,108028,108236,108100,108548,162116,169974,116604,115712,116150,115966,156216,110546,168770,155598,202208,167822,117584,118006,117192,115720,116880,116038,116566,118298,118976,141260,119288,153178,111358,110868,111316,198424,201152,147438,109400,161992,111378,148362,108822,109346,108658,109486,108130,162046,148738,
160664,146142,160568,110438,110666,110514,110460,110484,110536,110458,110472,110520,110458,110470,110604,110438,110502,110524,231814,110568,111226,110548,110478,110460,110496,110560,110560,110568,110480,110470,110498,110850,110424,110550,110488,110466,110490,110528,110434,110578,110494,110646,110494,110532,110428,110538,110488,110470,110502,110528,
108020,108022,108044,182590,244368,184144,219580,213470,216500,216644,181026,127304,108078,108058,107986,108120,108004,108044,166090,143700,108026,108052,108042,108012,108078,108022,108014,107992,108080,107982,108030,108042,108052,107966,108100,108018,107998,108014,108086,107966,108026,108044,108026,107964,108074,108020,108012,108014,108086,107972,

* Info: Process finished (host pop-os, process 40157)
* Info: Dumping samples (host pop-os, process 40157)
* Info: Dumping source info for callchain nodes (host pop-os, process 40157)
* Info: Building/writing metadata (host pop-os)
* Info: Finished collect step (host pop-os, process 40157)Info: Your experiment path is /home/hugohenrotte/Code/projet_aoa_s2/exp_OV3n_v5/tools/lprof_npsu
Info: To display your profiling results:
#################################################################################################
#    LEVEL    |     REPORT     |                            COMMAND                             #
#################################################################################################
#  Functions  |  Cluster-wide  |  maqao lprof -df xp=/home/hugohenrotte/Code/projet_aoa_s2/exp  #
#  Functions  |  Per-node      |  maqao lprof -df -dn xp=/home/hugohenrotte/Code/projet_aoa_s2  #
#  Functions  |  Per-process   |  maqao lprof -df -dp xp=/home/hugohenrotte/Code/projet_aoa_s2  #
#  Functions  |  Per-thread    |  maqao lprof -df -dt xp=/home/hugohenrotte/Code/projet_aoa_s2  #
#  Loops      |  Cluster-wide  |  maqao lprof -dl xp=/home/hugohenrotte/Code/projet_aoa_s2/exp  #
#  Loops      |  Per-node      |  maqao lprof -dl -dn xp=/home/hugohenrotte/Code/projet_aoa_s2  #
#  Loops      |  Per-process   |  maqao lprof -dl -dp xp=/home/hugohenrotte/Code/projet_aoa_s2  #
#  Loops      |  Per-thread    |  maqao lprof -dl -dt xp=/home/hugohenrotte/Code/projet_aoa_s2  #
#################################################################################################

