
* Info: Process launched (host pop-os, process 40128)156504,108244,108228,108212,194544,201214,202482,108216,108244,108198,108166,108288,108168,108168,162412,149638,148318,105834,105802,105894,105974,105788,105914,105930,105784,105834,105850,105896,105786,105848,105864,105900,105774,105878,105856,178342,108188,142770,105848,105870,105936,105830,105838,105906,105874,105826,105874,106014,105856,158000,
115808,115696,115812,115740,115744,115784,115714,115822,115770,115704,115814,115694,115776,115752,115714,115788,115710,115766,115754,115690,115810,115708,115780,115754,115832,115786,115732,115740,115772,115690,115794,116148,115770,115784,116020,129838,155450,110442,110478,110528,110450,110462,110524,168636,228808,231196,142522,123828,152306,137374,
124628,124676,165422,115676,116194,115718,115714,115764,115706,115746,115768,137792,117636,115790,116094,115822,115822,115804,115732,117656,115690,115840,115718,115772,115772,115744,115748,115802,116134,116298,115666,115836,115734,115786,115762,115760,117088,115818,115690,116970,115700,115838,115734,115776,115884,115804,115738,117560,115696,115844,
182218,115766,116296,116074,116254,115832,115718,117352,115832,116100,157972,110932,110500,110520,110556,110542,110512,110558,110500,110492,110528,110518,113968,151480,110532,169094,153506,110534,110472,110456,110544,110446,110498,110516,110474,110462,110546,111258,110466,110616,151692,108058,107992,108016,108098,108000,108032,108060,108036,108548,
108056,108034,107998,162294,110456,118656,174810,154418,111870,120440,212834,110648,110610,110428,111138,110484,110458,111184,110958,110426,110512,111096,110444,110480,111252,110558,112632,112588,110730,111382,112378,111126,110616,111368,110758,110720,111250,111294,111162,166204,117090,153504,111578,111506,112238,115266,111782,110676,110866,111494,
153042,112742,114726,112660,174430,150700,111068,115084,111558,110984,112078,110826,110946,110622,111292,186244,183066,111694,110560,110464,111352,110492,123426,110582,110494,110504,110892,110472,110532,110538,110822,168752,115752,150752,110746,110468,110492,110536,110506,110466,110560,110508,110450,118258,111014,110564,110536,110482,110472,110600,
115924,115770,115728,115816,115680,115954,136298,151618,110464,110542,167966,156200,110676,111394,111136,110916,110804,110786,110864,110442,110506,110728,110718,110750,110560,110462,110630,110424,114380,114612,116738,111238,110546,110428,110562,119332,110488,110594,110584,110626,110534,110514,110456,110564,110474,110920,110620,110858,201464,237894,
110628,168450,115730,115784,115696,115792,115722,115734,115778,115722,115788,115724,115726,115788,134102,115968,115790,116328,115764,115744,115826,115736,115826,115776,115772,115814,115744,115800,179844,112838,153090,114742,108094,108200,107996,108132,108048,118294,108098,108080,108016,108098,108088,108586,108042,160508,173190,213000,115766,116018,
105864,105654,105624,105708,105672,105648,105662,105714,105656,105646,105670,105714,105632,105660,105694,188132,225726,105666,105652,105640,105718,105638,105636,105666,105712,105622,105654,105674,105692,105620,116914,105770,105624,105720,156418,144354,105664,105690,105688,105640,105662,193300,112088,117132,105732,105696,105658,105752,105690,107992,
105774,105712,105692,105718,105758,105708,105714,105728,186398,185218,108110,108116,141822,105700,105714,105632,105694,105706,105710,105634,105714,105694,215416,146150,144012,105822,105828,105700,106580,106866,162260,143192,105648,105710,107596,109090,105684,106162,105900,106138,105732,105696,106602,105720,105744,105998,105650,106318,105738,120382,
105702,105642,105650,105696,105678,105640,105652,105694,105666,106252,105674,105696,105758,105634,105696,105674,105626,105652,105714,215112,188410,105740,105660,105692,105698,105724,105642,105706,105702,105696,105648,106036,105704,105670,105660,106814,105676,105672,105698,105744,105656,105678,105692,105706,105620,105696,105860,105688,105636,105724,
105766,105690,105668,105660,105748,105658,105672,105674,105742,105640,105698,105698,114554,105878,105756,105734,105718,180436,160014,171350,150046,110718,169212,150590,147584,151212,106924,106022,105944,107852,105748,106550,105850,105706,106042,105910,105766,105622,106102,106046,106322,106128,105932,106282,106980,106458,106798,108458,162432,108856,
105784,106960,106084,158914,108772,236686,303948,199158,190156,111150,107382,107050,212450,187436,106144,105652,106408,109454,107214,106372,106836,106226,105936,105706,106820,105896,105828,105810,108168,105972,105958,105674,106092,106214,105814,105702,105748,106474,105686,106106,105656,105702,105766,105746,106170,105808,105628,179450,108048,108566,
105756,158184,201264,105640,105712,105696,105688,105630,105752,194760,105632,105682,105726,105670,105860,105714,105702,105668,105670,105716,105690,105634,105692,105714,105838,105662,105712,105718,105648,105680,105718,105680,105768,105698,105680,105672,105654,105730,105688,105994,105672,105714,105672,105636,105688,105720,105656,105658,105712,105694,
105700,105606,105730,105798,105670,105618,156098,108024,201982,151510,142452,105720,111470,105676,111276,105682,157284,107950,205538,142734,115046,105640,105708,105712,105706,105638,105728,105718,105696,105652,105752,105702,105694,105666,105742,105686,105730,105970,105732,180072,148236,108040,143270,105736,105662,105708,158794,244296,302850,198250,
105622,105742,105708,105684,105630,105758,105694,106202,105648,155920,253174,193384,145352,105734,105688,105638,157642,165022,110456,110522,110404,113708,113610,128284,148466,105640,105664,105684,105746,105656,105674,105690,105728,105642,105690,105698,105712,105628,105716,114794,105682,105724,105742,105744,105660,105736,105722,105708,105668,105782,
105678,105644,105744,105700,105668,105658,105754,105686,105652,105686,105746,105662,105670,105698,105724,105648,105678,105714,105714,109382,105746,105700,105678,105662,105762,105676,105678,105666,105762,105668,105682,105698,105734,105640,105706,105700,105948,105726,105724,105710,105884,105644,156168,108090,114822,119328,108086,108076,146022,105770,
105722,105942,105650,105684,233652,147976,105702,105756,105696,105696,105732,105742,105948,105676,105748,106116,105674,107050,106080,105660,106750,105870,105762,105684,105726,105736,105722,105652,105734,105722,105688,106636,106064,105708,105698,106306,105734,105670,105680,106490,106472,105676,105734,105738,105704,105678,105768,105746,217880,185868,
105730,105906,105648,105678,105712,105624,105666,105898,105688,105612,105674,105692,105662,105616,105696,105682,105642,105640,105712,105658,105642,105660,105714,105626,105652,105682,105698,105620,105670,105688,105684,105608,105674,105690,105668,157772,239596,105602,105690,105674,105700,105592,105708,105670,105688,144368,108008,108030,108068,108236,
108300,108734,108848,108380,108802,109670,108368,109256,108192,108892,108332,109696,117348,108664,108086,109382,108390,109646,109398,109274,109362,109758,109760,108896,109384,109578,108434,109412,109862,109954,109278,109772,109864,110692,109294,108924,112368,109660,110484,109140,109268,110484,110558,109556,109028,109594,110682,109558,109052,110466,
108036,108224,108118,108290,108042,108052,108054,108170,108098,131592,108050,109114,107990,108038,108534,108072,107980,108108,108322,163022,285570,197782,110484,110466,110540,110574,261190,107982,108084,107942,108282,108078,108196,108008,181546,146128,158918,147204,195400,160942,144256,108110,108076,108900,110380,108156,108670,107994,108018,197928,
108048,108130,108068,108042,108094,108160,108040,108092,108138,108030,108054,108328,108082,108004,108102,108080,108040,108054,108126,108024,108050,108092,108070,108026,108132,116414,108044,108088,108112,108006,108224,108078,108050,108046,108112,108034,108090,108078,108094,108012,108108,108070,108010,108082,108094,108022,108074,108080,108064,108006,
160784,319106,110472,110524,151692,108028,108192,195078,108032,108088,114992,114792,108080,108274,108022,108116,108008,108040,108080,108180,107992,108088,108052,108312,108244,108118,108000,108052,108106,108058,108004,108098,108034,108030,108044,108106,107996,108054,108068,108066,108000,118608,108082,223014,108002,107990,108064,108030,107964,108068,
108058,108046,108122,108048,108042,108078,108116,108012,108080,108092,108040,108038,182258,150200,108054,108032,107996,108102,181834,147982,108046,108030,108040,149754,110572,110518,117706,121284,110472,110546,110516,110500,110520,120924,110520,110570,110524,110490,110568,110544,110474,110570,238508,108040,108006,108000,108090,108010,108018,108074,
108036,108016,108070,108070,107998,108054,108308,107998,108020,108414,108022,108026,108082,108042,108000,108060,108060,108016,108034,108084,108018,108004,108078,108044,185878,182878,108082,108020,108030,108074,108076,107970,108074,108060,108014,108480,108094,107998,108024,108050,108046,107986,113650,108466,113924,108070,108076,107970,108080,108056,
108098,108004,108068,108082,108066,108014,108224,108046,108042,108060,108100,108012,108066,108406,108200,108038,108138,187392,196314,108116,108046,108036,108054,108094,108016,108046,108080,108062,108022,108128,108054,108014,108076,108558,107992,108060,108084,108056,108018,108142,108050,108012,108094,327512,108092,108052,108048,108116,108018,108070,
110520,110386,170138,158556,144802,108154,110378,107994,107988,108026,109288,108396,108394,108206,108978,108158,108030,109128,108650,109944,109548,107956,108466,108120,108764,109648,108592,108422,109150,110280,109962,109528,108822,109924,111402,108300,109236,110028,109472,109412,109206,109248,110268,110530,113458,111922,109168,109958,109484,109358,
108002,109226,109714,108130,137962,108214,108006,108204,108048,108200,108076,108084,107998,108534,108076,108024,108028,108734,108054,108026,108116,108052,108252,108076,108128,108016,108044,108288,108018,108070,108092,108060,108000,108126,108062,108040,108060,108120,108124,108076,108060,108174,108186,108080,108072,108156,108304,108098,108020,108036,
108160,108008,108478,108054,108070,108000,108118,108034,108032,108028,158648,147986,108020,108062,107982,107994,108058,107996,107980,108048,116222,108290,108330,108046,108022,108054,108108,107986,108062,108090,108056,108002,108104,108040,108032,108060,108082,108104,108066,108070,108030,108014,108106,108024,108036,108066,161518,197198,145606,108016,
108004,107956,108116,108030,107968,109182,108042,115968,113816,115316,108038,108134,108074,108032,108072,108112,108026,108094,108088,108212,107990,108134,108064,108064,108060,108116,108194,108040,108154,108018,169958,146124,108000,159486,173636,108052,108080,117330,108102,108094,108052,108108,108132,108040,108146,108308,108044,108014,108292,108076,
108040,107968,108084,107992,108002,108022,108074,107956,108060,108038,108026,107974,108090,107988,108006,108026,108068,107950,108064,108026,108014,107994,108090,107988,108022,108036,114522,114152,108076,108070,107988,108088,108048,108026,108026,108104,107990,108054,108068,108054,107986,108108,108022,108018,108026,108090,107986,108054,108064,108044,

* Info: Process finished (host pop-os, process 40128)
* Info: Dumping samples (host pop-os, process 40128)
* Info: Dumping source info for callchain nodes (host pop-os, process 40128)
* Info: Building/writing metadata (host pop-os)
* Info: Finished collect step (host pop-os, process 40128)Info: Your experiment path is /home/hugohenrotte/Code/projet_aoa_s2/exp_OV3n_v4/tools/lprof_npsu
Info: To display your profiling results:
#################################################################################################
#    LEVEL    |     REPORT     |                            COMMAND                             #
#################################################################################################
#  Functions  |  Cluster-wide  |  maqao lprof -df xp=/home/hugohenrotte/Code/projet_aoa_s2/exp  #
#  Functions  |  Per-node      |  maqao lprof -df -dn xp=/home/hugohenrotte/Code/projet_aoa_s2  #
#  Functions  |  Per-process   |  maqao lprof -df -dp xp=/home/hugohenrotte/Code/projet_aoa_s2  #
#  Functions  |  Per-thread    |  maqao lprof -df -dt xp=/home/hugohenrotte/Code/projet_aoa_s2  #
#  Loops      |  Cluster-wide  |  maqao lprof -dl xp=/home/hugohenrotte/Code/projet_aoa_s2/exp  #
#  Loops      |  Per-node      |  maqao lprof -dl -dn xp=/home/hugohenrotte/Code/projet_aoa_s2  #
#  Loops      |  Per-process   |  maqao lprof -dl -dp xp=/home/hugohenrotte/Code/projet_aoa_s2  #
#  Loops      |  Per-thread    |  maqao lprof -dl -dt xp=/home/hugohenrotte/Code/projet_aoa_s2  #
#################################################################################################

